    [junit] Running org.apache.commons.codec.StringEncoderComparatorTest
    [junit] Tests run: 4, Failures: 0, Errors: 0, Skipped: 0, Time elapsed: 0.04 sec
    [junit] Running org.apache.commons.codec.binary.Base64Test
    [junit] Tests run: 29, Failures: 0, Errors: 0, Skipped: 0, Time elapsed: 0.057 sec
    [junit] Running org.apache.commons.codec.binary.BinaryCodecTest
    [junit] Tests run: 13, Failures: 0, Errors: 0, Skipped: 0, Time elapsed: 0.028 sec
    [junit] Running org.apache.commons.codec.binary.HexTest
    [junit] Tests run: 12, Failures: 0, Errors: 0, Skipped: 0, Time elapsed: 0.078 sec
    [junit] Running org.apache.commons.codec.digest.DigestUtilsTest
    [junit] Tests run: 8, Failures: 0, Errors: 0, Skipped: 0, Time elapsed: 0.243 sec
    [junit] Running org.apache.commons.codec.language.CaverphoneTest
    [junit] Tests run: 5, Failures: 0, Errors: 0, Skipped: 0, Time elapsed: 0.027 sec
    [junit] Running org.apache.commons.codec.language.DoubleMetaphoneTest
    [junit] Tests run: 14, Failures: 0, Errors: 0, Skipped: 0, Time elapsed: 0.07 sec
    [junit] Running org.apache.commons.codec.language.MetaphoneTest
    [junit] Tests run: 34, Failures: 0, Errors: 0, Skipped: 0, Time elapsed: 0.089 sec
    [junit] Running org.apache.commons.codec.language.RefinedSoundexTest
    [junit] Tests run: 7, Failures: 0, Errors: 0, Skipped: 0, Time elapsed: 0.021 sec
    [junit] Running org.apache.commons.codec.language.SoundexTest
    [junit] Tests run: 26, Failures: 0, Errors: 0, Skipped: 0, Time elapsed: 0.033 sec
    [junit] Running org.apache.commons.codec.net.BCodecTest
    [junit] Tests run: 9, Failures: 0, Errors: 0, Skipped: 0, Time elapsed: 0.032 sec
    [junit] Running org.apache.commons.codec.net.QCodecTest
    [junit] Tests run: 12, Failures: 0, Errors: 0, Skipped: 0, Time elapsed: 0.033 sec
    [junit] Running org.apache.commons.codec.net.QuotedPrintableCodecTest
    [junit] Tests run: 15, Failures: 0, Errors: 0, Skipped: 0, Time elapsed: 0.034 sec
    [junit] Running org.apache.commons.codec.net.RFC1522CodecTest
    [junit] Tests run: 2, Failures: 0, Errors: 0, Skipped: 0, Time elapsed: 0.014 sec
    [junit] Running org.apache.commons.codec.net.URLCodecTest
    [junit] Tests run: 16, Failures: 0, Errors: 0, Skipped: 0, Time elapsed: 0.045 sec
